<?xml version="1.0" encoding="UTF-8"?>
<!-- Generated by org.testng.reporters.JUnitXMLReporter -->
<testsuite ignored="0" hostname="LAPTOP-J08G42B1" failures="0" tests="6" name="Test One" time="0.158" errors="0" timestamp="2025-03-23T16:30:10 IST">
  <testcase classname="com.testngsamples.Samples.Example12_3" name="StudentDetails" time="0.028"/>
  <testcase classname="com.testngsamples.Samples.Example12_2" name="ParentDetails" time="0.028"/>
  <testcase classname="com.testngsamples.Samples.Example12_1" name="FacultyDetails" time="0.028"/>
  <testcase classname="com.testngsamples.Samples.Example12_3" name="StudentLogin" time="0.006"/>
  <testcase classname="com.testngsamples.Samples.Example12_2" name="ParentLogin" time="0.008"/>
  <testcase classname="com.testngsamples.Samples.Example12_1" name="FacultyLogin" time="0.009"/>
</testsuite> <!-- Test One -->
