<?xml version="1.0" encoding="UTF-8"?>
<!-- Generated by org.testng.reporters.JUnitXMLReporter -->
<testsuite ignored="0" hostname="LAPTOP-J08G42B1" failures="0" tests="3" name="Default test" time="45.298" errors="0" timestamp="2025-03-23T16:47:34 IST">
  <testcase classname="com.testngsamples.Samples.Example12_4" name="openGoogle" time="5.074"/>
  <testcase classname="com.testngsamples.Samples.Example12_4" name="openHrm" time="18.206"/>
  <testcase classname="com.testngsamples.Samples.Example12_4" name="openUniversity" time="21.908"/>
</testsuite> <!-- Default test -->
