<?xml version="1.0" encoding="UTF-8"?>
<!-- Generated by org.testng.reporters.JUnitXMLReporter -->
<testsuite ignored="3" hostname="LAPTOP-J08G42B1" failures="0" tests="3" name="Test Three" time="0.054" errors="0" timestamp="2025-03-23T14:50:09 IST">
  <testcase classname="com.testngsamples.Samples.Example7_1_G1" name="FacultyLogin" time="0.009"/>
  <testcase classname="com.testngsamples.Samples.Example7_1_G2" name="ParentLogin" time="0.001"/>
  <testcase classname="com.testngsamples.Samples.Example7_1_G3" name="StudentLogin" time="0.0"/>
  <testcase classname="com.testngsamples.Samples.Example7_1_G1" name="FacultyDetails" time="0.0">
    <ignored/>
  </testcase> <!-- FacultyDetails -->
  <testcase classname="com.testngsamples.Samples.Example7_1_G3" name="StudentDetails" time="0.0">
    <ignored/>
  </testcase> <!-- StudentDetails -->
  <testcase classname="com.testngsamples.Samples.Example7_1_G2" name="ParentDetails" time="0.0">
    <ignored/>
  </testcase> <!-- ParentDetails -->
</testsuite> <!-- Test Three -->
