<?xml version="1.0" encoding="UTF-8"?>
<testng-results ignored="0" total="3" passed="3" failed="0" skipped="0">
  <reporter-output>
  </reporter-output>
  <suite started-at="2025-03-23T16:46:48 IST" name="Default suite" finished-at="2025-03-23T16:47:34 IST" duration-ms="45298">
    <groups>
    </groups>
    <test started-at="2025-03-23T16:46:48 IST" name="Default test" finished-at="2025-03-23T16:47:34 IST" duration-ms="45298">
      <class name="com.testngsamples.Samples.Example12_4">
        <test-method signature="openGoogle()[pri:0, instance:com.testngsamples.Samples.Example12_4@139982de]" started-at="2025-03-23T16:46:49 IST" name="openGoogle" finished-at="2025-03-23T16:46:54 IST" duration-ms="5074" status="PASS">
          <reporter-output>
          </reporter-output>
        </test-method> <!-- openGoogle -->
        <test-method signature="openHrm()[pri:0, instance:com.testngsamples.Samples.Example12_4@139982de]" started-at="2025-03-23T16:46:54 IST" name="openHrm" finished-at="2025-03-23T16:47:12 IST" duration-ms="18206" status="PASS">
          <reporter-output>
          </reporter-output>
        </test-method> <!-- openHrm -->
        <test-method signature="openUniversity()[pri:0, instance:com.testngsamples.Samples.Example12_4@139982de]" started-at="2025-03-23T16:47:12 IST" name="openUniversity" finished-at="2025-03-23T16:47:34 IST" duration-ms="21908" status="PASS">
          <reporter-output>
          </reporter-output>
        </test-method> <!-- openUniversity -->
      </class> <!-- com.testngsamples.Samples.Example12_4 -->
    </test> <!-- Default test -->
  </suite> <!-- Default suite -->
</testng-results>
